{"/Users/mattmcfarland/Desktop/springboard/exercises/35-1-node-pg-intro/app.js": {"path":"/Users/mattmcfarland/Desktop/springboard/exercises/35-1-node-pg-intro/app.js","statementMap":{"0":{"start":{"line":3,"column":16},"end":{"line":3,"column":34}},"1":{"start":{"line":5,"column":12},"end":{"line":5,"column":21}},"2":{"start":{"line":6,"column":24},"end":{"line":6,"column":53}},"3":{"start":{"line":7,"column":23},"end":{"line":7,"column":51}},"4":{"start":{"line":8,"column":21},"end":{"line":8,"column":46}},"5":{"start":{"line":10,"column":0},"end":{"line":10,"column":24}},"6":{"start":{"line":12,"column":0},"end":{"line":12,"column":39}},"7":{"start":{"line":13,"column":0},"end":{"line":13,"column":37}},"8":{"start":{"line":17,"column":0},"end":{"line":20,"column":3}},"9":{"start":{"line":18,"column":14},"end":{"line":18,"column":48}},"10":{"start":{"line":19,"column":2},"end":{"line":19,"column":19}},"11":{"start":{"line":24,"column":0},"end":{"line":31,"column":3}},"12":{"start":{"line":25,"column":2},"end":{"line":25,"column":32}},"13":{"start":{"line":27,"column":2},"end":{"line":30,"column":5}},"14":{"start":{"line":34,"column":0},"end":{"line":34,"column":21}}},"fnMap":{"0":{"name":"(anonymous_0)","decl":{"start":{"line":17,"column":8},"end":{"line":17,"column":9}},"loc":{"start":{"line":17,"column":33},"end":{"line":20,"column":1}},"line":17},"1":{"name":"(anonymous_1)","decl":{"start":{"line":24,"column":8},"end":{"line":24,"column":9}},"loc":{"start":{"line":24,"column":33},"end":{"line":31,"column":1}},"line":24}},"branchMap":{"0":{"loc":{"start":{"line":25,"column":13},"end":{"line":25,"column":30}},"type":"binary-expr","locations":[{"start":{"line":25,"column":13},"end":{"line":25,"column":23}},{"start":{"line":25,"column":27},"end":{"line":25,"column":30}}],"line":25}},"s":{"0":1,"1":1,"2":1,"3":1,"4":1,"5":1,"6":1,"7":1,"8":1,"9":0,"10":0,"11":1,"12":3,"13":3,"14":1},"f":{"0":0,"1":3},"b":{"0":[3,0]},"_coverageSchema":"1a1c01bbd47fc00a2c39e90264f33305004495a9","hash":"a32b6aeea9eb7e04dcc874aaa345e39868b672a2"}
,"/Users/mattmcfarland/Desktop/springboard/exercises/35-1-node-pg-intro/db.js": {"path":"/Users/mattmcfarland/Desktop/springboard/exercises/35-1-node-pg-intro/db.js","statementMap":{"0":{"start":{"line":3,"column":19},"end":{"line":3,"column":32}},"1":{"start":{"line":5,"column":15},"end":{"line":7,"column":27}},"2":{"start":{"line":9,"column":9},"end":{"line":11,"column":2}},"3":{"start":{"line":13,"column":0},"end":{"line":13,"column":13}},"4":{"start":{"line":15,"column":0},"end":{"line":15,"column":20}}},"fnMap":{},"branchMap":{"0":{"loc":{"start":{"line":5,"column":15},"end":{"line":7,"column":27}},"type":"cond-expr","locations":[{"start":{"line":6,"column":4},"end":{"line":6,"column":32}},{"start":{"line":7,"column":4},"end":{"line":7,"column":27}}],"line":5}},"s":{"0":1,"1":1,"2":1,"3":1,"4":1},"f":{},"b":{"0":[1,0]},"_coverageSchema":"1a1c01bbd47fc00a2c39e90264f33305004495a9","hash":"cfe7a3bbed5e997d89f4a0f06d2c814f2a37072a"}
,"/Users/mattmcfarland/Desktop/springboard/exercises/35-1-node-pg-intro/expressError.js": {"path":"/Users/mattmcfarland/Desktop/springboard/exercises/35-1-node-pg-intro/expressError.js","statementMap":{"0":{"start":{"line":9,"column":4},"end":{"line":9,"column":12}},"1":{"start":{"line":10,"column":4},"end":{"line":10,"column":27}},"2":{"start":{"line":11,"column":4},"end":{"line":11,"column":25}},"3":{"start":{"line":12,"column":4},"end":{"line":12,"column":30}},"4":{"start":{"line":17,"column":0},"end":{"line":17,"column":30}}},"fnMap":{"0":{"name":"(anonymous_0)","decl":{"start":{"line":8,"column":2},"end":{"line":8,"column":3}},"loc":{"start":{"line":8,"column":31},"end":{"line":13,"column":3}},"line":8}},"branchMap":{},"s":{"0":3,"1":3,"2":3,"3":3,"4":1},"f":{"0":3},"b":{},"_coverageSchema":"1a1c01bbd47fc00a2c39e90264f33305004495a9","hash":"1d8ecd8bfa343019511b713aee03ef235dc6bf24"}
,"/Users/mattmcfarland/Desktop/springboard/exercises/35-1-node-pg-intro/routes/companies.js": {"path":"/Users/mattmcfarland/Desktop/springboard/exercises/35-1-node-pg-intro/routes/companies.js","statementMap":{"0":{"start":{"line":1,"column":16},"end":{"line":1,"column":34}},"1":{"start":{"line":2,"column":15},"end":{"line":2,"column":35}},"2":{"start":{"line":3,"column":11},"end":{"line":3,"column":27}},"3":{"start":{"line":4,"column":21},"end":{"line":4,"column":47}},"4":{"start":{"line":6,"column":0},"end":{"line":13,"column":2}},"5":{"start":{"line":7,"column":2},"end":{"line":12,"column":3}},"6":{"start":{"line":8,"column":27},"end":{"line":8,"column":77}},"7":{"start":{"line":9,"column":4},"end":{"line":9,"column":56}},"8":{"start":{"line":11,"column":4},"end":{"line":11,"column":19}},"9":{"start":{"line":15,"column":0},"end":{"line":26,"column":2}},"10":{"start":{"line":16,"column":2},"end":{"line":25,"column":3}},"11":{"start":{"line":17,"column":17},"end":{"line":17,"column":25}},"12":{"start":{"line":18,"column":23},"end":{"line":21,"column":79}},"13":{"start":{"line":22,"column":4},"end":{"line":22,"column":64}},"14":{"start":{"line":24,"column":4},"end":{"line":24,"column":19}},"15":{"start":{"line":28,"column":0},"end":{"line":40,"column":2}},"16":{"start":{"line":29,"column":2},"end":{"line":39,"column":3}},"17":{"start":{"line":30,"column":25},"end":{"line":30,"column":123}},"18":{"start":{"line":32,"column":4},"end":{"line":34,"column":5}},"19":{"start":{"line":33,"column":6},"end":{"line":33,"column":88}},"20":{"start":{"line":35,"column":40},"end":{"line":35,"column":60}},"21":{"start":{"line":36,"column":4},"end":{"line":36,"column":62}},"22":{"start":{"line":38,"column":4},"end":{"line":38,"column":19}},"23":{"start":{"line":42,"column":0},"end":{"line":59,"column":2}},"24":{"start":{"line":43,"column":2},"end":{"line":58,"column":3}},"25":{"start":{"line":44,"column":18},"end":{"line":44,"column":116}},"26":{"start":{"line":45,"column":4},"end":{"line":47,"column":5}},"27":{"start":{"line":46,"column":6},"end":{"line":46,"column":88}},"28":{"start":{"line":48,"column":19},"end":{"line":52,"column":89}},"29":{"start":{"line":53,"column":40},"end":{"line":53,"column":54}},"30":{"start":{"line":54,"column":4},"end":{"line":54,"column":62}},"31":{"start":{"line":57,"column":4},"end":{"line":57,"column":19}},"32":{"start":{"line":61,"column":0},"end":{"line":73,"column":3}},"33":{"start":{"line":62,"column":2},"end":{"line":72,"column":3}},"34":{"start":{"line":63,"column":19},"end":{"line":64,"column":80}},"35":{"start":{"line":66,"column":4},"end":{"line":68,"column":5}},"36":{"start":{"line":67,"column":6},"end":{"line":67,"column":90}},"37":{"start":{"line":69,"column":4},"end":{"line":69,"column":43}},"38":{"start":{"line":71,"column":4},"end":{"line":71,"column":21}},"39":{"start":{"line":76,"column":0},"end":{"line":76,"column":24}}},"fnMap":{"0":{"name":"(anonymous_0)","decl":{"start":{"line":6,"column":16},"end":{"line":6,"column":17}},"loc":{"start":{"line":6,"column":42},"end":{"line":13,"column":1}},"line":6},"1":{"name":"(anonymous_1)","decl":{"start":{"line":15,"column":17},"end":{"line":15,"column":18}},"loc":{"start":{"line":15,"column":43},"end":{"line":26,"column":1}},"line":15},"2":{"name":"(anonymous_2)","decl":{"start":{"line":28,"column":21},"end":{"line":28,"column":22}},"loc":{"start":{"line":28,"column":47},"end":{"line":40,"column":1}},"line":28},"3":{"name":"(anonymous_3)","decl":{"start":{"line":42,"column":21},"end":{"line":42,"column":22}},"loc":{"start":{"line":42,"column":47},"end":{"line":59,"column":1}},"line":42},"4":{"name":"(anonymous_4)","decl":{"start":{"line":61,"column":24},"end":{"line":61,"column":25}},"loc":{"start":{"line":61,"column":55},"end":{"line":73,"column":1}},"line":61}},"branchMap":{"0":{"loc":{"start":{"line":32,"column":4},"end":{"line":34,"column":5}},"type":"if","locations":[{"start":{"line":32,"column":4},"end":{"line":34,"column":5}},{"start":{"line":32,"column":4},"end":{"line":34,"column":5}}],"line":32},"1":{"loc":{"start":{"line":45,"column":4},"end":{"line":47,"column":5}},"type":"if","locations":[{"start":{"line":45,"column":4},"end":{"line":47,"column":5}},{"start":{"line":45,"column":4},"end":{"line":47,"column":5}}],"line":45},"2":{"loc":{"start":{"line":66,"column":4},"end":{"line":68,"column":5}},"type":"if","locations":[{"start":{"line":66,"column":4},"end":{"line":68,"column":5}},{"start":{"line":66,"column":4},"end":{"line":68,"column":5}}],"line":66}},"s":{"0":1,"1":1,"2":1,"3":1,"4":1,"5":1,"6":1,"7":1,"8":0,"9":1,"10":1,"11":1,"12":1,"13":1,"14":0,"15":1,"16":2,"17":2,"18":2,"19":1,"20":1,"21":1,"22":1,"23":1,"24":3,"25":3,"26":3,"27":2,"28":1,"29":1,"30":1,"31":2,"32":1,"33":1,"34":1,"35":1,"36":0,"37":1,"38":0,"39":1},"f":{"0":1,"1":1,"2":2,"3":3,"4":1},"b":{"0":[1,1],"1":[2,1],"2":[0,1]},"_coverageSchema":"1a1c01bbd47fc00a2c39e90264f33305004495a9","hash":"517315f64b529faee06b8d1a1acbd96e8ebcfe54"}
,"/Users/mattmcfarland/Desktop/springboard/exercises/35-1-node-pg-intro/routes/invoices.js": {"path":"/Users/mattmcfarland/Desktop/springboard/exercises/35-1-node-pg-intro/routes/invoices.js","statementMap":{"0":{"start":{"line":3,"column":16},"end":{"line":3,"column":34}},"1":{"start":{"line":4,"column":21},"end":{"line":4,"column":47}},"2":{"start":{"line":5,"column":11},"end":{"line":5,"column":27}},"3":{"start":{"line":7,"column":13},"end":{"line":7,"column":33}},"4":{"start":{"line":9,"column":0},"end":{"line":23,"column":3}},"5":{"start":{"line":10,"column":2},"end":{"line":22,"column":3}},"6":{"start":{"line":11,"column":19},"end":{"line":15,"column":5}},"7":{"start":{"line":17,"column":4},"end":{"line":17,"column":47}},"8":{"start":{"line":21,"column":4},"end":{"line":21,"column":21}},"9":{"start":{"line":25,"column":0},"end":{"line":67,"column":3}},"10":{"start":{"line":26,"column":2},"end":{"line":66,"column":3}},"11":{"start":{"line":27,"column":13},"end":{"line":27,"column":26}},"12":{"start":{"line":29,"column":19},"end":{"line":41,"column":13}},"13":{"start":{"line":43,"column":4},"end":{"line":45,"column":5}},"14":{"start":{"line":44,"column":6},"end":{"line":44,"column":60}},"15":{"start":{"line":47,"column":17},"end":{"line":47,"column":31}},"16":{"start":{"line":48,"column":20},"end":{"line":59,"column":5}},"17":{"start":{"line":61,"column":4},"end":{"line":61,"column":42}},"18":{"start":{"line":65,"column":4},"end":{"line":65,"column":21}},"19":{"start":{"line":69,"column":0},"end":{"line":85,"column":3}},"20":{"start":{"line":70,"column":2},"end":{"line":84,"column":3}},"21":{"start":{"line":71,"column":27},"end":{"line":71,"column":35}},"22":{"start":{"line":73,"column":19},"end":{"line":77,"column":25}},"23":{"start":{"line":79,"column":4},"end":{"line":79,"column":49}},"24":{"start":{"line":83,"column":4},"end":{"line":83,"column":21}},"25":{"start":{"line":87,"column":0},"end":{"line":127,"column":3}},"26":{"start":{"line":88,"column":2},"end":{"line":125,"column":3}},"27":{"start":{"line":89,"column":22},"end":{"line":89,"column":30}},"28":{"start":{"line":90,"column":13},"end":{"line":90,"column":26}},"29":{"start":{"line":91,"column":19},"end":{"line":91,"column":23}},"30":{"start":{"line":93,"column":23},"end":{"line":97,"column":13}},"31":{"start":{"line":99,"column":4},"end":{"line":101,"column":5}},"32":{"start":{"line":100,"column":6},"end":{"line":100,"column":60}},"33":{"start":{"line":103,"column":25},"end":{"line":103,"column":53}},"34":{"start":{"line":105,"column":4},"end":{"line":111,"column":5}},"35":{"start":{"line":106,"column":6},"end":{"line":106,"column":28}},"36":{"start":{"line":107,"column":11},"end":{"line":111,"column":5}},"37":{"start":{"line":108,"column":6},"end":{"line":108,"column":21}},"38":{"start":{"line":110,"column":6},"end":{"line":110,"column":30}},"39":{"start":{"line":113,"column":19},"end":{"line":118,"column":34}},"40":{"start":{"line":120,"column":4},"end":{"line":120,"column":49}},"41":{"start":{"line":124,"column":4},"end":{"line":124,"column":21}},"42":{"start":{"line":129,"column":0},"end":{"line":149,"column":3}},"43":{"start":{"line":130,"column":2},"end":{"line":148,"column":3}},"44":{"start":{"line":131,"column":13},"end":{"line":131,"column":26}},"45":{"start":{"line":133,"column":19},"end":{"line":137,"column":13}},"46":{"start":{"line":139,"column":4},"end":{"line":141,"column":5}},"47":{"start":{"line":140,"column":6},"end":{"line":140,"column":60}},"48":{"start":{"line":143,"column":4},"end":{"line":143,"column":43}},"49":{"start":{"line":147,"column":4},"end":{"line":147,"column":21}},"50":{"start":{"line":151,"column":0},"end":{"line":151,"column":24}}},"fnMap":{"0":{"name":"(anonymous_0)","decl":{"start":{"line":9,"column":16},"end":{"line":9,"column":17}},"loc":{"start":{"line":9,"column":48},"end":{"line":23,"column":1}},"line":9},"1":{"name":"(anonymous_1)","decl":{"start":{"line":25,"column":19},"end":{"line":25,"column":20}},"loc":{"start":{"line":25,"column":51},"end":{"line":67,"column":1}},"line":25},"2":{"name":"(anonymous_2)","decl":{"start":{"line":69,"column":17},"end":{"line":69,"column":18}},"loc":{"start":{"line":69,"column":49},"end":{"line":85,"column":1}},"line":69},"3":{"name":"(anonymous_3)","decl":{"start":{"line":87,"column":19},"end":{"line":87,"column":20}},"loc":{"start":{"line":87,"column":51},"end":{"line":127,"column":1}},"line":87},"4":{"name":"(anonymous_4)","decl":{"start":{"line":129,"column":22},"end":{"line":129,"column":23}},"loc":{"start":{"line":129,"column":54},"end":{"line":149,"column":1}},"line":129}},"branchMap":{"0":{"loc":{"start":{"line":43,"column":4},"end":{"line":45,"column":5}},"type":"if","locations":[{"start":{"line":43,"column":4},"end":{"line":45,"column":5}},{"start":{"line":43,"column":4},"end":{"line":45,"column":5}}],"line":43},"1":{"loc":{"start":{"line":99,"column":4},"end":{"line":101,"column":5}},"type":"if","locations":[{"start":{"line":99,"column":4},"end":{"line":101,"column":5}},{"start":{"line":99,"column":4},"end":{"line":101,"column":5}}],"line":99},"2":{"loc":{"start":{"line":105,"column":4},"end":{"line":111,"column":5}},"type":"if","locations":[{"start":{"line":105,"column":4},"end":{"line":111,"column":5}},{"start":{"line":105,"column":4},"end":{"line":111,"column":5}}],"line":105},"3":{"loc":{"start":{"line":105,"column":8},"end":{"line":105,"column":29}},"type":"binary-expr","locations":[{"start":{"line":105,"column":8},"end":{"line":105,"column":21}},{"start":{"line":105,"column":25},"end":{"line":105,"column":29}}],"line":105},"4":{"loc":{"start":{"line":107,"column":11},"end":{"line":111,"column":5}},"type":"if","locations":[{"start":{"line":107,"column":11},"end":{"line":111,"column":5}},{"start":{"line":107,"column":11},"end":{"line":111,"column":5}}],"line":107},"5":{"loc":{"start":{"line":139,"column":4},"end":{"line":141,"column":5}},"type":"if","locations":[{"start":{"line":139,"column":4},"end":{"line":141,"column":5}},{"start":{"line":139,"column":4},"end":{"line":141,"column":5}}],"line":139}},"s":{"0":1,"1":1,"2":1,"3":1,"4":1,"5":0,"6":0,"7":0,"8":0,"9":1,"10":0,"11":0,"12":0,"13":0,"14":0,"15":0,"16":0,"17":0,"18":0,"19":1,"20":0,"21":0,"22":0,"23":0,"24":0,"25":1,"26":0,"27":0,"28":0,"29":0,"30":0,"31":0,"32":0,"33":0,"34":0,"35":0,"36":0,"37":0,"38":0,"39":0,"40":0,"41":0,"42":1,"43":0,"44":0,"45":0,"46":0,"47":0,"48":0,"49":0,"50":1},"f":{"0":0,"1":0,"2":0,"3":0,"4":0},"b":{"0":[0,0],"1":[0,0],"2":[0,0],"3":[0,0],"4":[0,0],"5":[0,0]},"_coverageSchema":"1a1c01bbd47fc00a2c39e90264f33305004495a9","hash":"103cbd1333c21040dfebd0a75606fb83ae61400f"}
}
