TN:
SF:app.js
FN:17,(anonymous_0)
FN:24,(anonymous_1)
FNF:2
FNH:1
FNDA:0,(anonymous_0)
FNDA:3,(anonymous_1)
DA:3,1
DA:5,1
DA:6,1
DA:7,1
DA:8,1
DA:10,1
DA:12,1
DA:13,1
DA:17,1
DA:18,0
DA:19,0
DA:24,1
DA:25,3
DA:27,3
DA:34,1
LF:15
LH:13
BRDA:25,0,0,3
BRDA:25,0,1,0
BRF:2
BRH:1
end_of_record
TN:
SF:db.js
FNF:0
FNH:0
DA:3,1
DA:5,1
DA:9,1
DA:13,1
DA:15,1
LF:5
LH:5
BRDA:5,0,0,1
BRDA:5,0,1,0
BRF:2
BRH:1
end_of_record
TN:
SF:expressError.js
FN:8,(anonymous_0)
FNF:1
FNH:1
FNDA:3,(anonymous_0)
DA:9,3
DA:10,3
DA:11,3
DA:12,3
DA:17,1
LF:5
LH:5
BRF:0
BRH:0
end_of_record
TN:
SF:routes/companies.js
FN:6,(anonymous_0)
FN:15,(anonymous_1)
FN:28,(anonymous_2)
FN:42,(anonymous_3)
FN:61,(anonymous_4)
FNF:5
FNH:5
FNDA:1,(anonymous_0)
FNDA:1,(anonymous_1)
FNDA:2,(anonymous_2)
FNDA:3,(anonymous_3)
FNDA:1,(anonymous_4)
DA:1,1
DA:2,1
DA:3,1
DA:4,1
DA:6,1
DA:7,1
DA:8,1
DA:9,1
DA:11,0
DA:15,1
DA:16,1
DA:17,1
DA:18,1
DA:22,1
DA:24,0
DA:28,1
DA:29,2
DA:30,2
DA:32,2
DA:33,1
DA:35,1
DA:36,1
DA:38,1
DA:42,1
DA:43,3
DA:44,3
DA:45,3
DA:46,2
DA:48,1
DA:53,1
DA:54,1
DA:57,2
DA:61,1
DA:62,1
DA:63,1
DA:66,1
DA:67,0
DA:69,1
DA:71,0
DA:76,1
LF:40
LH:36
BRDA:32,0,0,1
BRDA:32,0,1,1
BRDA:45,1,0,2
BRDA:45,1,1,1
BRDA:66,2,0,0
BRDA:66,2,1,1
BRF:6
BRH:5
end_of_record
TN:
SF:routes/invoices.js
FN:9,(anonymous_0)
FN:25,(anonymous_1)
FN:69,(anonymous_2)
FN:87,(anonymous_3)
FN:129,(anonymous_4)
FNF:5
FNH:0
FNDA:0,(anonymous_0)
FNDA:0,(anonymous_1)
FNDA:0,(anonymous_2)
FNDA:0,(anonymous_3)
FNDA:0,(anonymous_4)
DA:3,1
DA:4,1
DA:5,1
DA:7,1
DA:9,1
DA:10,0
DA:11,0
DA:17,0
DA:21,0
DA:25,1
DA:26,0
DA:27,0
DA:29,0
DA:43,0
DA:44,0
DA:47,0
DA:48,0
DA:61,0
DA:65,0
DA:69,1
DA:70,0
DA:71,0
DA:73,0
DA:79,0
DA:83,0
DA:87,1
DA:88,0
DA:89,0
DA:90,0
DA:91,0
DA:93,0
DA:99,0
DA:100,0
DA:103,0
DA:105,0
DA:106,0
DA:107,0
DA:108,0
DA:110,0
DA:113,0
DA:120,0
DA:124,0
DA:129,1
DA:130,0
DA:131,0
DA:133,0
DA:139,0
DA:140,0
DA:143,0
DA:147,0
DA:151,1
LF:51
LH:10
BRDA:43,0,0,0
BRDA:43,0,1,0
BRDA:99,1,0,0
BRDA:99,1,1,0
BRDA:105,2,0,0
BRDA:105,2,1,0
BRDA:105,3,0,0
BRDA:105,3,1,0
BRDA:107,4,0,0
BRDA:107,4,1,0
BRDA:139,5,0,0
BRDA:139,5,1,0
BRF:12
BRH:0
end_of_record
